<?xml version="1.0" encoding="UTF-8"?>
<!-- Generated by org.testng.reporters.JUnitReportReporter -->
<testsuite hostname="DESKTOP-ST8OVAS" failures="0" tests="3" name="com.hims.testNGDemo.LoginFeature" time="0.042" errors="0" timestamp="2024-02-22T22:39:24 IST" skipped="0">
  <testcase classname="com.hims.testNGDemo.LoginFeature" name="verifyLoginLabels" time="0.008"/>
  <system-out/>
  <testcase classname="com.hims.testNGDemo.LoginFeature" name="verifyForgotPassword" time="0.023"/>
  <system-out/>
  <testcase classname="com.hims.testNGDemo.LoginFeature" name="verifyLaunchURl" time="0.011"/>
  <system-out/>
</testsuite> <!-- com.hims.testNGDemo.LoginFeature -->
