<?xml version="1.0" encoding="UTF-8"?>
<!-- Generated by org.testng.reporters.JUnitReportReporter -->
<testsuite hostname="DESKTOP-ST8OVAS" failures="0" tests="4" name="com.hims.testNGDemo.TestBase" time="0.064" errors="0" timestamp="2024-02-22T22:50:25 IST" skipped="0">
  <testcase classname="com.hims.testNGDemo.TestBase" name="verifyLoginFeature" time="0.038"/>
  <system-out/>
  <testcase classname="com.hims.testNGDemo.TestBase" name="verifyadd" time="0.004"/>
  <system-out/>
  <testcase classname="com.hims.testNGDemo.TestBase" name="verifyRegestrationFeature" time="0.013"/>
  <system-out/>
  <testcase classname="com.hims.testNGDemo.TestBase" name="verifyLogoutFeature" time="0.009"/>
  <system-out/>
</testsuite> <!-- com.hims.testNGDemo.TestBase -->
